<?xml version="1.0" encoding="UTF-8"?>
<!-- Generated by org.testng.reporters.JUnitXMLReporter -->
<testsuite ignored="0" hostname="LAPTOP-92E5NKS2" failures="1" tests="1" name="Test" time="10.756" errors="0" timestamp="2022-07-15T20:17:26 IST">
  <testcase classname="TestRunner.TestRunner" name="runTest" time="10.658">
    <failure type="org.opentest4j.AssertionFailedError" message="status code was: 404, expected: 200, response time in milliseconds: 866, url: https://gorest.co.in/public/v2/posts/100, response: 
{&amp;quot;message&amp;quot;:&amp;quot;Resource not found&amp;quot;}
classpath:Features/getmethodExample.feature:8
status code was: 404, expected: 200, response time in milliseconds: 1100, url: https://gorest.co.in/public/v1/users/30, response: 
{&amp;quot;meta&amp;quot;:null,&amp;quot;data&amp;quot;:{&amp;quot;message&amp;quot;:&amp;quot;Resource not found&amp;quot;}}
classpath:Features/token.feature:10 ==&amp;gt; expected: &amp;lt;0&amp;gt; but was: &amp;lt;2&amp;gt;">
      <![CDATA[org.opentest4j.AssertionFailedError: status code was: 404, expected: 200, response time in milliseconds: 866, url: https://gorest.co.in/public/v2/posts/100, response: 
{"message":"Resource not found"}
classpath:Features/getmethodExample.feature:8
status code was: 404, expected: 200, response time in milliseconds: 1100, url: https://gorest.co.in/public/v1/users/30, response: 
{"meta":null,"data":{"message":"Resource not found"}}
classpath:Features/token.feature:10 ==> expected: <0> but was: <2>
at org.junit.jupiter.api.AssertionUtils.fail(AssertionUtils.java:55)
at org.junit.jupiter.api.AssertionUtils.failNotEqual(AssertionUtils.java:62)
at org.junit.jupiter.api.AssertEquals.assertEquals(AssertEquals.java:150)
at org.junit.jupiter.api.Assertions.assertEquals(Assertions.java:542)
at TestRunner.TestRunner.testParallel(TestRunner.java:30)
at TestRunner.TestRunner.runTest(TestRunner.java:25)
at java.base/java.util.ArrayList.forEach(ArrayList.java:1511)
... Removed 27 stack frames]]>
    </failure>
  </testcase> <!-- runTest -->
</testsuite> <!-- Test -->
